mode: count
github.com/emiliano080591/grpc_test/proto/deposit.pb.go:31.34,33.29 2 2
github.com/emiliano080591/grpc_test/proto/deposit.pb.go:33.29,37.3 3 2
github.com/emiliano080591/grpc_test/proto/deposit.pb.go:40.42,42.2 1 0
github.com/emiliano080591/grpc_test/proto/deposit.pb.go:44.40,44.41 0 0
github.com/emiliano080591/grpc_test/proto/deposit.pb.go:46.62,48.41 2 7
github.com/emiliano080591/grpc_test/proto/deposit.pb.go:55.2,55.24 1 0
github.com/emiliano080591/grpc_test/proto/deposit.pb.go:48.41,50.34 2 7
github.com/emiliano080591/grpc_test/proto/deposit.pb.go:53.3,53.12 1 7
github.com/emiliano080591/grpc_test/proto/deposit.pb.go:50.34,52.4 1 2
github.com/emiliano080591/grpc_test/proto/deposit.pb.go:59.53,61.2 1 0
github.com/emiliano080591/grpc_test/proto/deposit.pb.go:63.46,64.14 1 5
github.com/emiliano080591/grpc_test/proto/deposit.pb.go:67.2,67.10 1 0
github.com/emiliano080591/grpc_test/proto/deposit.pb.go:64.14,66.3 1 5
github.com/emiliano080591/grpc_test/proto/deposit.pb.go:78.35,80.29 2 1
github.com/emiliano080591/grpc_test/proto/deposit.pb.go:80.29,84.3 3 1
github.com/emiliano080591/grpc_test/proto/deposit.pb.go:87.43,89.2 1 0
github.com/emiliano080591/grpc_test/proto/deposit.pb.go:91.41,91.42 0 0
github.com/emiliano080591/grpc_test/proto/deposit.pb.go:93.63,95.41 2 3
github.com/emiliano080591/grpc_test/proto/deposit.pb.go:102.2,102.24 1 0
github.com/emiliano080591/grpc_test/proto/deposit.pb.go:95.41,97.34 2 3
github.com/emiliano080591/grpc_test/proto/deposit.pb.go:100.3,100.12 1 3
github.com/emiliano080591/grpc_test/proto/deposit.pb.go:97.34,99.4 1 1
github.com/emiliano080591/grpc_test/proto/deposit.pb.go:106.54,108.2 1 0
github.com/emiliano080591/grpc_test/proto/deposit.pb.go:110.40,111.14 1 2
github.com/emiliano080591/grpc_test/proto/deposit.pb.go:114.2,114.14 1 0
github.com/emiliano080591/grpc_test/proto/deposit.pb.go:111.14,113.3 1 2
github.com/emiliano080591/grpc_test/proto/deposit.pb.go:141.52,142.49 1 0
github.com/emiliano080591/grpc_test/proto/deposit.pb.go:145.2,145.45 1 0
github.com/emiliano080591/grpc_test/proto/deposit.pb.go:142.49,144.3 1 0
github.com/emiliano080591/grpc_test/proto/deposit.pb.go:163.13,163.48 1 1
github.com/emiliano080591/grpc_test/proto/deposit.pb.go:164.38,165.37 1 1
github.com/emiliano080591/grpc_test/proto/deposit.pb.go:168.2,168.30 1 1
github.com/emiliano080591/grpc_test/proto/deposit.pb.go:194.2,211.40 6 1
github.com/emiliano080591/grpc_test/proto/deposit.pb.go:165.37,167.3 1 0
github.com/emiliano080591/grpc_test/proto/deposit.pb.go:168.30,169.90 1 0
github.com/emiliano080591/grpc_test/proto/deposit.pb.go:181.3,181.90 1 0
github.com/emiliano080591/grpc_test/proto/deposit.pb.go:169.90,170.39 1 0
github.com/emiliano080591/grpc_test/proto/deposit.pb.go:171.11,172.20 1 0
github.com/emiliano080591/grpc_test/proto/deposit.pb.go:173.11,174.24 1 0
github.com/emiliano080591/grpc_test/proto/deposit.pb.go:175.11,176.28 1 0
github.com/emiliano080591/grpc_test/proto/deposit.pb.go:177.12,178.15 1 0
github.com/emiliano080591/grpc_test/proto/deposit.pb.go:181.90,182.40 1 0
github.com/emiliano080591/grpc_test/proto/deposit.pb.go:183.11,184.20 1 0
github.com/emiliano080591/grpc_test/proto/deposit.pb.go:185.11,186.24 1 0
github.com/emiliano080591/grpc_test/proto/deposit.pb.go:187.11,188.28 1 0
github.com/emiliano080591/grpc_test/proto/deposit.pb.go:189.12,190.15 1 0
github.com/emiliano080591/grpc_test/proto/deposit_grpc.pb.go:28.80,30.2 1 1
github.com/emiliano080591/grpc_test/proto/deposit_grpc.pb.go:32.132,35.16 3 2
github.com/emiliano080591/grpc_test/proto/deposit_grpc.pb.go:38.2,38.17 1 1
github.com/emiliano080591/grpc_test/proto/deposit_grpc.pb.go:35.16,37.3 1 1
github.com/emiliano080591/grpc_test/proto/deposit_grpc.pb.go:53.110,55.2 1 0
github.com/emiliano080591/grpc_test/proto/deposit_grpc.pb.go:56.88,56.89 0 0
github.com/emiliano080591/grpc_test/proto/deposit_grpc.pb.go:65.86,67.2 1 1
github.com/emiliano080591/grpc_test/proto/deposit_grpc.pb.go:69.167,71.32 2 2
github.com/emiliano080591/grpc_test/proto/deposit_grpc.pb.go:74.2,74.24 1 2
github.com/emiliano080591/grpc_test/proto/deposit_grpc.pb.go:77.2,81.77 2 0
github.com/emiliano080591/grpc_test/proto/deposit_grpc.pb.go:84.2,84.44 1 0
github.com/emiliano080591/grpc_test/proto/deposit_grpc.pb.go:71.32,73.3 1 0
github.com/emiliano080591/grpc_test/proto/deposit_grpc.pb.go:74.24,76.3 1 2
github.com/emiliano080591/grpc_test/proto/deposit_grpc.pb.go:81.77,83.3 1 0
github.com/emiliano080591/grpc_test/server/deposit.go:15.105,18.25 2 2
github.com/emiliano080591/grpc_test/server/deposit.go:21.2,23.8 1 1
github.com/emiliano080591/grpc_test/server/deposit.go:18.25,20.3 1 1
github.com/emiliano080591/grpc_test/server/main.go:10.13,14.16 3 0
github.com/emiliano080591/grpc_test/server/main.go:18.2,21.37 3 0
github.com/emiliano080591/grpc_test/server/main.go:14.16,16.3 1 0
